#
# There is insufficient memory for the Java Runtime Environment to continue.
# Native memory allocation (malloc) failed to allocate 4096000 bytes for GrET in C:\jdk7u1_32P\jdk7u3\hotspot\src\share\vm\utilities\growableArray.cpp
# Possible reasons:
#   The system is out of physical RAM or swap space
#   In 32 bit mode, the process size limit was hit
# Possible solutions:
#   Reduce memory load on the system
#   Increase physical memory or swap space
#   Check if swap backing store is full
#   Use 64 bit Java on a 64 bit OS
#   Decrease Java heap size (-Xmx/-Xms)
#   Decrease number of Java threads
#   Decrease Java thread stack sizes (-Xss)
#   Set larger code cache with -XX:ReservedCodeCacheSize=
# This output file may be truncated or incomplete.
#
#  Out of Memory Error (memory/allocation.inline.hpp:58), pid=6888, tid=8168
#
# JRE version: 7.0_03-b05
# Java VM: Java HotSpot(TM) Client VM (22.1-b02 mixed mode windows-x86 )
# Failed to write core dump. Minidumps are not enabled by default on client versions of Windows
#

---------------  T H R E A D  ---------------

Current thread (0x49b2e400):  VMThread [stack: 0x002d0000,0x00320000] [id=8168]

Stack: [0x002d0000,0x00320000],  sp=0x0031fbb8,  free space=318k
Native frames: (J=compiled Java code, j=interpreted, Vv=VM code, C=native code)
V  [jvm.dll+0x162f81]
V  [jvm.dll+0x15d98c]
V  [jvm.dll+0x15e568]
V  [jvm.dll+0x210144]
V  [jvm.dll+0xf984c]
V  [jvm.dll+0xfba42]
V  [jvm.dll+0xfbcfd]
V  [jvm.dll+0x1485c5]
V  [jvm.dll+0x1477fe]
V  [jvm.dll+0x147b2c]
V  [jvm.dll+0x147fa2]
V  [jvm.dll+0x1720b9]
C  [msvcr100.dll+0x5c6de]
C  [msvcr100.dll+0x5c788]
C  [kernel32.dll+0x4ed6c]
C  [ntdll.dll+0x6377b]
C  [ntdll.dll+0x6374e]

VM_Operation (0x4f28a464): HeapWalkOperation, mode: safepoint, requested by thread 0x4a27d000


---------------  P R O C E S S  ---------------

Java Threads: ( => current thread )
  0x50e30400 JavaThread "DoorAnimationThread" daemon [_thread_blocked, id=6308, stack(0x58970000,0x589c0000)]
  0x50e2fc00 JavaThread "DoorAnimationThread" daemon [_thread_blocked, id=7612, stack(0x588c0000,0x58910000)]
  0x50e2f800 JavaThread "DoorAnimationThread" daemon [_thread_blocked, id=12128, stack(0x587e0000,0x58830000)]
  0x50e2f000 JavaThread "DoorAnimationThread" daemon [_thread_blocked, id=12112, stack(0x58850000,0x588a0000)]
  0x50e2e800 JavaThread "DoorAnimationThread" daemon [_thread_blocked, id=11928, stack(0x57af0000,0x57b40000)]
  0x50e2e400 JavaThread "DoorAnimationThread" daemon [_thread_blocked, id=11912, stack(0x586c0000,0x58710000)]
  0x50e2dc00 JavaThread "DoorAnimationThread" daemon [_thread_blocked, id=11916, stack(0x58050000,0x580a0000)]
  0x4a44ac00 JavaThread "DoorAnimationThread" daemon [_thread_blocked, id=5988, stack(0x58740000,0x58790000)]
  0x4a44a400 JavaThread "DoorAnimationThread" daemon [_thread_blocked, id=11980, stack(0x58540000,0x58590000)]
  0x4a44a000 JavaThread "DoorAnimationThread" daemon [_thread_blocked, id=11864, stack(0x58660000,0x586b0000)]
  0x4a449800 JavaThread "DoorAnimationThread" daemon [_thread_blocked, id=11932, stack(0x585d0000,0x58620000)]
  0x4a449400 JavaThread "DoorAnimationThread" daemon [_thread_blocked, id=11868, stack(0x58310000,0x58360000)]
  0x4a448c00 JavaThread "DoorAnimationThread" daemon [_thread_blocked, id=11888, stack(0x57c90000,0x57ce0000)]
  0x4a448400 JavaThread "DoorAnimationThread" daemon [_thread_blocked, id=11892, stack(0x58470000,0x584c0000)]
  0x4a448000 JavaThread "DoorAnimationThread" daemon [_thread_blocked, id=11880, stack(0x58260000,0x582b0000)]
  0x4a447800 JavaThread "DoorAnimationThread" daemon [_thread_blocked, id=11872, stack(0x581d0000,0x58220000)]
  0x4a447400 JavaThread "DoorAnimationThread" daemon [_thread_blocked, id=11896, stack(0x58370000,0x583c0000)]
  0x4a446c00 JavaThread "DoorAnimationThread" daemon [_thread_blocked, id=11884, stack(0x582b0000,0x58300000)]
  0x4a446800 JavaThread "DoorAnimationThread" daemon [_thread_blocked, id=6488, stack(0x576e0000,0x57730000)]
  0x4a446000 JavaThread "DoorAnimationThread" daemon [_thread_blocked, id=11764, stack(0x58000000,0x58050000)]
  0x4a445800 JavaThread "DoorAnimationThread" daemon [_thread_blocked, id=11984, stack(0x58150000,0x581a0000)]
  0x4a445400 JavaThread "DoorAnimationThread" daemon [_thread_blocked, id=3464, stack(0x580b0000,0x58100000)]
  0x4a444c00 JavaThread "DoorAnimationThread" daemon [_thread_blocked, id=12044, stack(0x57e50000,0x57ea0000)]
  0x4a444800 JavaThread "DoorAnimationThread" daemon [_thread_blocked, id=12048, stack(0x57f80000,0x57fd0000)]
  0x4a444000 JavaThread "DoorAnimationThread" daemon [_thread_blocked, id=11572, stack(0x57ea0000,0x57ef0000)]
  0x4a443c00 JavaThread "DoorAnimationThread" daemon [_thread_blocked, id=11492, stack(0x57f20000,0x57f70000)]
  0x4a443400 JavaThread "DoorAnimationThread" daemon [_thread_blocked, id=11952, stack(0x57dd0000,0x57e20000)]
  0x51439800 JavaThread "DoorAnimationThread" daemon [_thread_blocked, id=10840, stack(0x57360000,0x573b0000)]
  0x51439400 JavaThread "DoorAnimationThread" daemon [_thread_blocked, id=11844, stack(0x57d70000,0x57dc0000)]
  0x51438c00 JavaThread "DoorAnimationThread" daemon [_thread_blocked, id=11840, stack(0x57d10000,0x57d60000)]
  0x51438800 JavaThread "DoorAnimationThread" daemon [_thread_blocked, id=11836, stack(0x579c0000,0x57a10000)]
  0x51438000 JavaThread "DoorAnimationThread" daemon [_thread_blocked, id=11832, stack(0x57a90000,0x57ae0000)]
  0x51437800 JavaThread "DoorAnimationThread" daemon [_thread_blocked, id=11828, stack(0x57bc0000,0x57c10000)]
  0x51437400 JavaThread "DoorAnimationThread" daemon [_thread_blocked, id=11824, stack(0x57c40000,0x57c90000)]
  0x51436c00 JavaThread "DoorAnimationThread" daemon [_thread_blocked, id=11820, stack(0x578e0000,0x57930000)]
  0x51436800 JavaThread "DoorAnimationThread" daemon [_thread_blocked, id=11816, stack(0x57a10000,0x57a60000)]
  0x51436000 JavaThread "DoorAnimationThread" daemon [_thread_blocked, id=11812, stack(0x57b40000,0x57b90000)]
  0x51435c00 JavaThread "DoorAnimationThread" daemon [_thread_blocked, id=11808, stack(0x57960000,0x579b0000)]
  0x51435400 JavaThread "DoorAnimationThread" daemon [_thread_blocked, id=11804, stack(0x562b0000,0x56300000)]
  0x51434c00 JavaThread "DoorAnimationThread" daemon [_thread_blocked, id=11800, stack(0x57890000,0x578e0000)]
  0x51434800 JavaThread "DoorAnimationThread" daemon [_thread_blocked, id=11796, stack(0x574f0000,0x57540000)]
  0x51434000 JavaThread "DoorAnimationThread" daemon [_thread_blocked, id=11792, stack(0x57810000,0x57860000)]
  0x51433c00 JavaThread "DoorAnimationThread" daemon [_thread_blocked, id=11788, stack(0x57790000,0x577e0000)]
  0x51433400 JavaThread "DoorAnimationThread" daemon [_thread_blocked, id=11784, stack(0x57730000,0x57780000)]
  0x51433000 JavaThread "DoorAnimationThread" daemon [_thread_blocked, id=11780, stack(0x575c0000,0x57610000)]
  0x51432800 JavaThread "DoorAnimationThread" daemon [_thread_blocked, id=11576, stack(0x57570000,0x575c0000)]
  0x51432000 JavaThread "DoorAnimationThread" daemon [_thread_blocked, id=11568, stack(0x57690000,0x576e0000)]
  0x4cc2b800 JavaThread "DoorAnimationThread" daemon [_thread_blocked, id=11556, stack(0x57640000,0x57690000)]
  0x4cc2b400 JavaThread "DoorAnimationThread" daemon [_thread_blocked, id=11396, stack(0x56fd0000,0x57020000)]
  0x4cc2ac00 JavaThread "DoorAnimationThread" daemon [_thread_blocked, id=9728, stack(0x57410000,0x57460000)]
  0x4cc2a800 JavaThread "DoorAnimationThread" daemon [_thread_blocked, id=11544, stack(0x573b0000,0x57400000)]
  0x4cc2a000 JavaThread "DoorAnimationThread" daemon [_thread_blocked, id=5396, stack(0x57230000,0x57280000)]
  0x4cc29800 JavaThread "DoorAnimationThread" daemon [_thread_blocked, id=11420, stack(0x57460000,0x574b0000)]
  0x4cc29400 JavaThread "DoorAnimationThread" daemon [_thread_blocked, id=11548, stack(0x56d10000,0x56d60000)]
  0x4cc28c00 JavaThread "DoorAnimationThread" daemon [_thread_blocked, id=10472, stack(0x57310000,0x57360000)]
  0x4cc28800 JavaThread "DoorAnimationThread" daemon [_thread_blocked, id=9736, stack(0x572b0000,0x57300000)]
  0x4cc28000 JavaThread "DoorAnimationThread" daemon [_thread_blocked, id=10436, stack(0x56760000,0x567b0000)]
  0x4cc27c00 JavaThread "DoorAnimationThread" daemon [_thread_blocked, id=11504, stack(0x56930000,0x56980000)]
  0x4cc27400 JavaThread "DoorAnimationThread" daemon [_thread_blocked, id=11532, stack(0x54810000,0x54860000)]
  0x4cc26c00 JavaThread "DoorAnimationThread" daemon [_thread_blocked, id=11524, stack(0x57050000,0x570a0000)]
  0x4cc26800 JavaThread "DoorAnimationThread" daemon [_thread_blocked, id=10388, stack(0x571d0000,0x57220000)]
  0x4cc26000 JavaThread "DoorAnimationThread" daemon [_thread_blocked, id=11516, stack(0x56e40000,0x56e90000)]
  0x4cc25c00 JavaThread "DoorAnimationThread" daemon [_thread_blocked, id=3144, stack(0x56f10000,0x56f60000)]
  0x4cc25400 JavaThread "DoorAnimationThread" daemon [_thread_blocked, id=11508, stack(0x57150000,0x571a0000)]
  0x4cc25000 JavaThread "DoorAnimationThread" daemon [_thread_blocked, id=1788, stack(0x570d0000,0x57120000)]
  0x4cc24800 JavaThread "DoorAnimationThread" daemon [_thread_blocked, id=11368, stack(0x56b20000,0x56b70000)]
  0x4cc24000 JavaThread "DoorAnimationThread" daemon [_thread_blocked, id=11480, stack(0x54bd0000,0x54c20000)]
  0x50fc7800 JavaThread "DoorAnimationThread" daemon [_thread_blocked, id=2348, stack(0x56f80000,0x56fd0000)]
  0x50fc7400 JavaThread "DoorAnimationThread" daemon [_thread_blocked, id=11500, stack(0x54a90000,0x54ae0000)]
  0x50fc6c00 JavaThread "DoorAnimationThread" daemon [_thread_blocked, id=10564, stack(0x56560000,0x565b0000)]
  0x50fc6400 JavaThread "DoorAnimationThread" daemon [_thread_blocked, id=10556, stack(0x56eb0000,0x56f00000)]
  0x50fc6000 JavaThread "DoorAnimationThread" daemon [_thread_blocked, id=11484, stack(0x56cc0000,0x56d10000)]
  0x50fc5800 JavaThread "DoorAnimationThread" daemon [_thread_blocked, id=9292, stack(0x56df0000,0x56e40000)]
  0x50fc5400 JavaThread "DoorAnimationThread" daemon [_thread_blocked, id=10028, stack(0x56d70000,0x56dc0000)]
  0x50fc4c00 JavaThread "DoorAnimationThread" daemon [_thread_blocked, id=11452, stack(0x56c00000,0x56c50000)]
  0x50fc4800 JavaThread "DoorAnimationThread" daemon [_thread_blocked, id=11408, stack(0x56c60000,0x56cb0000)]
  0x50fc4000 JavaThread "DoorAnimationThread" daemon [_thread_blocked, id=11416, stack(0x56b80000,0x56bd0000)]
  0x50fc3800 JavaThread "DoorAnimationThread" daemon [_thread_blocked, id=11412, stack(0x56630000,0x56680000)]
  0x50fc3400 JavaThread "DoorAnimationThread" daemon [_thread_blocked, id=11388, stack(0x56a90000,0x56ae0000)]
  0x50fc2c00 JavaThread "DoorAnimationThread" daemon [_thread_blocked, id=7768, stack(0x56690000,0x566e0000)]
  0x50fc2800 JavaThread "DoorAnimationThread" daemon [_thread_blocked, id=10396, stack(0x56a00000,0x56a50000)]
  0x50fc2000 JavaThread "DoorAnimationThread" daemon [_thread_blocked, id=10576, stack(0x56890000,0x568e0000)]
  0x50fc1c00 JavaThread "DoorAnimationThread" daemon [_thread_blocked, id=10592, stack(0x56990000,0x569e0000)]
  0x50fc1400 JavaThread "DoorAnimationThread" daemon [_thread_blocked, id=10580, stack(0x568e0000,0x56930000)]
  0x50fc0c00 JavaThread "DoorAnimationThread" daemon [_thread_blocked, id=10572, stack(0x56480000,0x564d0000)]
  0x50fc0800 JavaThread "DoorAnimationThread" daemon [_thread_blocked, id=8224, stack(0x56820000,0x56870000)]
  0x4cc9c000 JavaThread "DoorAnimationThread" daemon [_thread_blocked, id=10540, stack(0x567b0000,0x56800000)]
  0x4cc9bc00 JavaThread "DoorAnimationThread" daemon [_thread_blocked, id=10544, stack(0x561b0000,0x56200000)]
  0x4cc9b400 JavaThread "DoorAnimationThread" daemon [_thread_blocked, id=10480, stack(0x56700000,0x56750000)]
  0x4cc9b000 JavaThread "DoorAnimationThread" daemon [_thread_blocked, id=5312, stack(0x56260000,0x562b0000)]
  0x4cc9a800 JavaThread "DoorAnimationThread" daemon [_thread_blocked, id=11380, stack(0x565d0000,0x56620000)]
  0x4cc9a400 JavaThread "DoorAnimationThread" daemon [_thread_blocked, id=5480, stack(0x56500000,0x56550000)]
  0x4cc99c00 JavaThread "DoorAnimationThread" daemon [_thread_blocked, id=8688, stack(0x54700000,0x54750000)]
  0x4cc99400 JavaThread "DoorAnimationThread" daemon [_thread_blocked, id=11344, stack(0x56370000,0x563c0000)]
  0x4cc99000 JavaThread "DoorAnimationThread" daemon [_thread_blocked, id=636, stack(0x56430000,0x56480000)]
  0x4cc98800 JavaThread "DoorAnimationThread" daemon [_thread_blocked, id=9532, stack(0x53a40000,0x53a90000)]
  0x4cc98400 JavaThread "DoorAnimationThread" daemon [_thread_blocked, id=9296, stack(0x560e0000,0x56130000)]
  0x4cc97c00 JavaThread "DoorAnimationThread" daemon [_thread_blocked, id=4132, stack(0x563d0000,0x56420000)]
  0x4cc97800 JavaThread "DoorAnimationThread" daemon [_thread_blocked, id=4848, stack(0x56300000,0x56350000)]
  0x4cc97000 JavaThread "DoorAnimationThread" daemon [_thread_blocked, id=2436, stack(0x54b30000,0x54b80000)]
  0x4cc96800 JavaThread "DoorAnimationThread" daemon [_thread_blocked, id=5960, stack(0x53320000,0x53370000)]
  0x4cc96400 JavaThread "DoorAnimationThread" daemon [_thread_blocked, id=11340, stack(0x56090000,0x560e0000)]
  0x4cc95c00 JavaThread "DoorAnimationThread" daemon [_thread_blocked, id=11336, stack(0x56200000,0x56250000)]
  0x4cc95800 JavaThread "DoorAnimationThread" daemon [_thread_blocked, id=11332, stack(0x56040000,0x56090000)]
  0x4cc95000 JavaThread "DoorAnimationThread" daemon [_thread_blocked, id=11328, stack(0x56140000,0x56190000)]
  0x4cc94c00 JavaThread "DoorAnimationThread" daemon [_thread_blocked, id=11324, stack(0x54c90000,0x54ce0000)]
  0x4cc86c00 JavaThread "DoorAnimationThread" daemon [_thread_blocked, id=11320, stack(0x55f40000,0x55f90000)]
  0x4cc86400 JavaThread "DoorAnimationThread" daemon [_thread_blocked, id=11300, stack(0x55fc0000,0x56010000)]
  0x4cc86000 JavaThread "DoorAnimationThread" daemon [_thread_blocked, id=11296, stack(0x54e70000,0x54ec0000)]
  0x4cc85800 JavaThread "DoorAnimationThread" daemon [_thread_blocked, id=11108, stack(0x54dc0000,0x54e10000)]
  0x4cc85400 JavaThread "DoorAnimationThread" daemon [_thread_blocked, id=10700, stack(0x54ef0000,0x54f40000)]
  0x4cc84c00 JavaThread "DoorAnimationThread" daemon [_thread_blocked, id=11112, stack(0x54a40000,0x54a90000)]
  0x4cc84400 JavaThread "DoorAnimationThread" daemon [_thread_blocked, id=11292, stack(0x548c0000,0x54910000)]
  0x4cc84000 JavaThread "DoorAnimationThread" daemon [_thread_blocked, id=11288, stack(0x54e20000,0x54e70000)]
  0x4cc83800 JavaThread "DoorAnimationThread" daemon [_thread_blocked, id=11284, stack(0x54d70000,0x54dc0000)]
  0x4cc83400 JavaThread "DoorAnimationThread" daemon [_thread_blocked, id=11280, stack(0x54ce0000,0x54d30000)]
  0x4cc82c00 JavaThread "DoorAnimationThread" daemon [_thread_blocked, id=11040, stack(0x54550000,0x545a0000)]
  0x4cc82800 JavaThread "DoorAnimationThread" daemon [_thread_blocked, id=11276, stack(0x54c20000,0x54c70000)]
  0x4cc82000 JavaThread "DoorAnimationThread" daemon [_thread_blocked, id=11272, stack(0x53cd0000,0x53d20000)]
  0x4cc81800 JavaThread "DoorAnimationThread" daemon [_thread_blocked, id=11268, stack(0x54b80000,0x54bd0000)]
  0x4cc81400 JavaThread "DoorAnimationThread" daemon [_thread_blocked, id=11304, stack(0x54ae0000,0x54b30000)]
  0x4cc80c00 JavaThread "DoorAnimationThread" daemon [_thread_blocked, id=11264, stack(0x547c0000,0x54810000)]
  0x4cc80800 JavaThread "DoorAnimationThread" daemon [_thread_blocked, id=11260, stack(0x54980000,0x549d0000)]
  0x4cc80000 JavaThread "DoorAnimationThread" daemon [_thread_blocked, id=11104, stack(0x549d0000,0x54a20000)]
  0x4cc7fc00 JavaThread "DoorAnimationThread" daemon [_thread_blocked, id=11256, stack(0x54930000,0x54980000)]
  0x4cc7f400 JavaThread "DoorAnimationThread" daemon [_thread_blocked, id=11252, stack(0x54860000,0x548b0000)]
  0x50eb7400 JavaThread "DoorAnimationThread" daemon [_thread_blocked, id=11248, stack(0x537e0000,0x53830000)]
  0x50eb7000 JavaThread "DoorAnimationThread" daemon [_thread_blocked, id=11244, stack(0x54750000,0x547a0000)]
  0x50eb6800 JavaThread "DoorAnimationThread" daemon [_thread_blocked, id=11240, stack(0x545a0000,0x545f0000)]
  0x50eb6400 JavaThread "DoorAnimationThread" daemon [_thread_blocked, id=11092, stack(0x546a0000,0x546f0000)]
  0x50eb5c00 JavaThread "DoorAnimationThread" daemon [_thread_blocked, id=11236, stack(0x54630000,0x54680000)]
  0x50eb5800 JavaThread "DoorAnimationThread" daemon [_thread_blocked, id=11232, stack(0x544a0000,0x544f0000)]
  0x50eb5000 JavaThread "DoorAnimationThread" daemon [_thread_blocked, id=11064, stack(0x53740000,0x53790000)]
  0x50eb4800 JavaThread "DoorAnimationThread" daemon [_thread_blocked, id=11228, stack(0x544f0000,0x54540000)]
  0x50eb4400 JavaThread "DoorAnimationThread" daemon [_thread_blocked, id=11060, stack(0x54430000,0x54480000)]
  0x50eb3c00 JavaThread "DoorAnimationThread" daemon [_thread_blocked, id=11100, stack(0x53dd0000,0x53e20000)]
  0x50eb3800 JavaThread "DoorAnimationThread" daemon [_thread_blocked, id=11056, stack(0x54340000,0x54390000)]
  0x50eb3000 JavaThread "DoorAnimationThread" daemon [_thread_blocked, id=11052, stack(0x543d0000,0x54420000)]
  0x50eb2c00 JavaThread "DoorAnimationThread" daemon [_thread_blocked, id=11224, stack(0x53ed0000,0x53f20000)]
  0x50eb2400 JavaThread "DoorAnimationThread" daemon [_thread_blocked, id=11048, stack(0x53c10000,0x53c60000)]
  0x50eb1c00 JavaThread "DoorAnimationThread" daemon [_thread_blocked, id=11044, stack(0x53c70000,0x53cc0000)]
  0x50eb1800 JavaThread "DoorAnimationThread" daemon [_thread_blocked, id=10828, stack(0x524c0000,0x52510000)]
  0x50eb1000 JavaThread "DoorAnimationThread" daemon [_thread_blocked, id=11012, stack(0x53e50000,0x53ea0000)]
  0x50eb0c00 JavaThread "DoorAnimationThread" daemon [_thread_blocked, id=11220, stack(0x53d80000,0x53dd0000)]
  0x50eb0400 JavaThread "DoorAnimationThread" daemon [_thread_blocked, id=11008, stack(0x53d30000,0x53d80000)]
  0x50eb0000 JavaThread "DoorAnimationThread" daemon [_thread_blocked, id=11212, stack(0x53b20000,0x53b70000)]
  0x4ccbec00 JavaThread "DoorAnimationThread" daemon [_thread_blocked, id=11004, stack(0x53bb0000,0x53c00000)]
  0x4ccbe400 JavaThread "DoorAnimationThread" daemon [_thread_blocked, id=11116, stack(0x536f0000,0x53740000)]
  0x4ccbdc00 JavaThread "DoorAnimationThread" daemon [_thread_blocked, id=11000, stack(0x53a90000,0x53ae0000)]
  0x4ccbd800 JavaThread "DoorAnimationThread" daemon [_thread_blocked, id=11208, stack(0x53830000,0x53880000)]
  0x4ccbd000 JavaThread "DoorAnimationThread" daemon [_thread_blocked, id=11016, stack(0x539d0000,0x53a20000)]
  0x4ccbcc00 JavaThread "DoorAnimationThread" daemon [_thread_blocked, id=10992, stack(0x53960000,0x539b0000)]
  0x4ccbc400 JavaThread "DoorAnimationThread" daemon [_thread_blocked, id=10984, stack(0x538e0000,0x53930000)]
  0x4ccbc000 JavaThread "DoorAnimationThread" daemon [_thread_blocked, id=10972, stack(0x531c0000,0x53210000)]
  0x4ccbb800 JavaThread "DoorAnimationThread" daemon [_thread_blocked, id=10820, stack(0x53880000,0x538d0000)]
  0x4ccbb000 JavaThread "DoorAnimationThread" daemon [_thread_blocked, id=11200, stack(0x53790000,0x537e0000)]
  0x51464000 JavaThread "DoorAnimationThread" daemon [_thread_blocked, id=10968, stack(0x533d0000,0x53420000)]
  0x51463800 JavaThread "DoorAnimationThread" daemon [_thread_blocked, id=10964, stack(0x52c70000,0x52cc0000)]
  0x51463400 JavaThread "DoorAnimationThread" daemon [_thread_blocked, id=10960, stack(0x536a0000,0x536f0000)]
  0x51462c00 JavaThread "DoorAnimationThread" daemon [_thread_blocked, id=11072, stack(0x53580000,0x535d0000)]
  0x51462800 JavaThread "DoorAnimationThread" daemon [_thread_blocked, id=10816, stack(0x53440000,0x53490000)]
  0x51462000 JavaThread "DoorAnimationThread" daemon [_thread_blocked, id=10956, stack(0x53610000,0x53660000)]
  0x51461c00 JavaThread "DoorAnimationThread" daemon [_thread_blocked, id=11216, stack(0x53530000,0x53580000)]
  0x51461400 JavaThread "DoorAnimationThread" daemon [_thread_blocked, id=10812, stack(0x52f60000,0x52fb0000)]
  0x51460c00 JavaThread "DoorAnimationThread" daemon [_thread_blocked, id=10952, stack(0x534a0000,0x534f0000)]
  0x51460800 JavaThread "DoorAnimationThread" daemon [_thread_blocked, id=10940, stack(0x52950000,0x529a0000)]
  0x4ccd8c00 JavaThread "DoorAnimationThread" daemon [_thread_blocked, id=10936, stack(0x53370000,0x533c0000)]
  0x4ccd8400 JavaThread "DoorAnimationThread" daemon [_thread_blocked, id=10800, stack(0x53110000,0x53160000)]
  0x4ccd7c00 JavaThread "DoorAnimationThread" daemon [_thread_blocked, id=10932, stack(0x53160000,0x531b0000)]
  0x4ccd7800 JavaThread "DoorAnimationThread" daemon [_thread_blocked, id=10796, stack(0x532d0000,0x53320000)]
  0x4ccd7000 JavaThread "DoorAnimationThread" daemon [_thread_blocked, id=10680, stack(0x53240000,0x53290000)]
  0x4ccd6c00 JavaThread "DoorAnimationThread" daemon [_thread_blocked, id=10676, stack(0x51d50000,0x51da0000)]
  0x4ccd6400 JavaThread "DoorAnimationThread" daemon [_thread_blocked, id=10672, stack(0x52fe0000,0x53030000)]
  0x4ccd6000 JavaThread "DoorAnimationThread" daemon [_thread_blocked, id=10928, stack(0x521c0000,0x52210000)]
  0x4ccd5800 JavaThread "DoorAnimationThread" daemon [_thread_blocked, id=10668, stack(0x52e30000,0x52e80000)]
  0x4ccd5000 JavaThread "DoorAnimationThread" daemon [_thread_blocked, id=10696, stack(0x530b0000,0x53100000)]
  0x4cd4ac00 JavaThread "DoorAnimationThread" daemon [_thread_blocked, id=11144, stack(0x52a60000,0x52ab0000)]
  0x4cd4a400 JavaThread "DoorAnimationThread" daemon [_thread_blocked, id=10760, stack(0x53050000,0x530a0000)]
  0x4cd49c00 JavaThread "DoorAnimationThread" daemon [_thread_blocked, id=10324, stack(0x52ab0000,0x52b00000)]
  0x4cd49800 JavaThread "DoorAnimationThread" daemon [_thread_blocked, id=10752, stack(0x52ef0000,0x52f40000)]
  0x4cd49000 JavaThread "DoorAnimationThread" daemon [_thread_blocked, id=10532, stack(0x52cc0000,0x52d10000)]
  0x4cd48c00 JavaThread "DoorAnimationThread" daemon [_thread_blocked, id=11128, stack(0x52e80000,0x52ed0000)]
  0x4cd48400 JavaThread "DoorAnimationThread" daemon [_thread_blocked, id=10320, stack(0x52830000,0x52880000)]
  0x4cd48000 JavaThread "DoorAnimationThread" daemon [_thread_blocked, id=10316, stack(0x52da0000,0x52df0000)]
  0x4cd47800 JavaThread "DoorAnimationThread" daemon [_thread_blocked, id=10528, stack(0x52d20000,0x52d70000)]
  0x4cd47000 JavaThread "DoorAnimationThread" daemon [_thread_blocked, id=10524, stack(0x52bb0000,0x52c00000)]
  0x511b8c00 JavaThread "DoorAnimationThread" daemon [_thread_blocked, id=11024, stack(0x52c20000,0x52c70000)]
  0x511b8400 JavaThread "DoorAnimationThread" daemon [_thread_blocked, id=10312, stack(0x52a10000,0x52a60000)]
  0x511b7c00 JavaThread "DoorAnimationThread" daemon [_thread_blocked, id=10308, stack(0x52b30000,0x52b80000)]
  0x511b7800 JavaThread "DoorAnimationThread" daemon [_thread_blocked, id=10304, stack(0x52900000,0x52950000)]
  0x511b7000 JavaThread "DoorAnimationThread" daemon [_thread_blocked, id=11140, stack(0x529a0000,0x529f0000)]
  0x511b6c00 JavaThread "DoorAnimationThread" daemon [_thread_blocked, id=10300, stack(0x527c0000,0x52810000)]
  0x511b6400 JavaThread "DoorAnimationThread" daemon [_thread_blocked, id=10296, stack(0x52890000,0x528e0000)]
  0x511b6000 JavaThread "DoorAnimationThread" daemon [_thread_blocked, id=10292, stack(0x52660000,0x526b0000)]
  0x511b5800 JavaThread "DoorAnimationThread" daemon [_thread_blocked, id=10640, stack(0x52510000,0x52560000)]
  0x511b5000 JavaThread "DoorAnimationThread" daemon [_thread_blocked, id=10860, stack(0x52730000,0x52780000)]
  0x5119d400 JavaThread "DoorAnimationThread" daemon [_thread_blocked, id=460, stack(0x526c0000,0x52710000)]
  0x5119cc00 JavaThread "DoorAnimationThread" daemon [_thread_blocked, id=8544, stack(0x51f90000,0x51fe0000)]
  0x5119c800 JavaThread "DoorAnimationThread" daemon [_thread_blocked, id=5640, stack(0x525f0000,0x52640000)]
  0x5119c000 JavaThread "DoorAnimationThread" daemon [_thread_blocked, id=10284, stack(0x52340000,0x52390000)]
  0x5119b800 JavaThread "DoorAnimationThread" daemon [_thread_blocked, id=1232, stack(0x525a0000,0x525f0000)]
  0x5119b400 JavaThread "DoorAnimationThread" daemon [_thread_blocked, id=3600, stack(0x522a0000,0x522f0000)]
  0x5119ac00 JavaThread "DoorAnimationThread" daemon [_thread_blocked, id=10864, stack(0x52400000,0x52450000)]
  0x5119a800 JavaThread "DoorAnimationThread" daemon [_thread_blocked, id=10512, stack(0x4c930000,0x4c980000)]
  0x5119a000 JavaThread "DoorAnimationThread" daemon [_thread_blocked, id=10280, stack(0x52030000,0x52080000)]
  0x51199c00 JavaThread "DoorAnimationThread" daemon [_thread_blocked, id=8964, stack(0x52470000,0x524c0000)]
  0x50ec9c00 JavaThread "DoorAnimationThread" daemon [_thread_blocked, id=11136, stack(0x522f0000,0x52340000)]
  0x50ec9800 JavaThread "DoorAnimationThread" daemon [_thread_blocked, id=10520, stack(0x523a0000,0x523f0000)]
  0x50ec8c00 JavaThread "DoorAnimationThread" daemon [_thread_blocked, id=1220, stack(0x51eb0000,0x51f00000)]
  0x50ec8400 JavaThread "DoorAnimationThread" daemon [_thread_blocked, id=8796, stack(0x52110000,0x52160000)]
  0x50ec8000 JavaThread "DoorAnimationThread" daemon [_thread_blocked, id=10460, stack(0x52210000,0x52260000)]
  0x50ec7800 JavaThread "DoorAnimationThread" daemon [_thread_blocked, id=10268, stack(0x52080000,0x520d0000)]
  0x50ec7000 JavaThread "DoorAnimationThread" daemon [_thread_blocked, id=10264, stack(0x52160000,0x521b0000)]
  0x50ec6c00 JavaThread "DoorAnimationThread" daemon [_thread_blocked, id=10628, stack(0x50ab0000,0x50b00000)]
  0x50ec6400 JavaThread "DoorAnimationThread" daemon [_thread_blocked, id=10516, stack(0x51fe0000,0x52030000)]
  0x4d289c00 JavaThread "DoorAnimationThread" daemon [_thread_blocked, id=10636, stack(0x50b30000,0x50b80000)]
  0x4d289400 JavaThread "DoorAnimationThread" daemon [_thread_blocked, id=10756, stack(0x50ce0000,0x50d30000)]
  0x4d288c00 JavaThread "DoorAnimationThread" daemon [_thread_blocked, id=10740, stack(0x51f20000,0x51f70000)]
  0x4d288800 JavaThread "DoorAnimationThread" daemon [_thread_blocked, id=10500, stack(0x51e60000,0x51eb0000)]
  0x4d288000 JavaThread "DoorAnimationThread" daemon [_thread_blocked, id=10252, stack(0x51db0000,0x51e00000)]
  0x49c1a400 JavaThread "DoorAnimationThread" daemon [_thread_blocked, id=5368, stack(0x51e00000,0x51e50000)]
  0x4d287400 JavaThread "DoorAnimationThread" daemon [_thread_blocked, id=8548, stack(0x50d30000,0x50d80000)]
  0x4d287000 JavaThread "DoorAnimationThread" daemon [_thread_blocked, id=10288, stack(0x50bb0000,0x50c00000)]
  0x4d286800 JavaThread "DoorAnimationThread" daemon [_thread_blocked, id=3636, stack(0x50c80000,0x50cd0000)]
  0x4d286000 JavaThread "DoorAnimationThread" daemon [_thread_blocked, id=7700, stack(0x50c20000,0x50c70000)]
  0x4cd9c000 JavaThread "DoorAnimationThread" daemon [_thread_blocked, id=9680, stack(0x501c0000,0x50210000)]
  0x4cd9bc00 JavaThread "DoorAnimationThread" daemon [_thread_blocked, id=6664, stack(0x50100000,0x50150000)]
  0x4cd9b400 JavaThread "DoorAnimationThread" daemon [_thread_blocked, id=10444, stack(0x4ff40000,0x4ff90000)]
  0x4cd9b000 JavaThread "_jprofiler_control_sampler" daemon [_thread_blocked, id=8096, stack(0x50230000,0x50280000)]
  0x4a06c400 JavaThread "_jprofiler_native_sampler" daemon [_thread_blocked, id=4500, stack(0x50150000,0x501a0000)]
  0x4cd9a800 JavaThread "DoorAnimationThread" daemon [_thread_blocked, id=7480, stack(0x50070000,0x500c0000)]
  0x4cd9a000 JavaThread "DoorAnimationThread" daemon [_thread_blocked, id=6884, stack(0x4fef0000,0x4ff40000)]
  0x4cd99c00 JavaThread "DoorAnimationThread" daemon [_thread_blocked, id=6484, stack(0x50020000,0x50070000)]
  0x4cd99400 JavaThread "DoorAnimationThread" daemon [_thread_blocked, id=8760, stack(0x4edd0000,0x4ee20000)]
  0x4cd99000 JavaThread "DoorAnimationThread" daemon [_thread_blocked, id=6312, stack(0x4ff90000,0x4ffe0000)]
  0x49c1d000 JavaThread "DoorAnimationThread" daemon [_thread_blocked, id=8004, stack(0x4fd40000,0x4fd90000)]
  0x49c1cc00 JavaThread "DoorAnimationThread" daemon [_thread_blocked, id=11148, stack(0x4fe60000,0x4feb0000)]
  0x49c1c400 JavaThread "DoorAnimationThread" daemon [_thread_blocked, id=672, stack(0x4fc50000,0x4fca0000)]
  0x49c1c000 JavaThread "DoorAnimationThread" daemon [_thread_blocked, id=10212, stack(0x4ed80000,0x4edd0000)]
  0x49c1b800 JavaThread "DoorAnimationThread" daemon [_thread_blocked, id=10776, stack(0x4f590000,0x4f5e0000)]
  0x49c1b400 JavaThread "DoorAnimationThread" daemon [_thread_blocked, id=7712, stack(0x4fcb0000,0x4fd00000)]
  0x49c1ac00 JavaThread "DoorAnimationThread" daemon [_thread_blocked, id=8832, stack(0x4f1b0000,0x4f200000)]
  0x49c19800 JavaThread "_jprofiler_sampler" daemon [_thread_blocked, id=9168, stack(0x4f600000,0x4f650000)]
  0x4a27d000 JavaThread "_jprofiler_comm_java" daemon [_thread_blocked, id=10432, stack(0x4f240000,0x4f290000)]
  0x4a27c800 JavaThread "DoorAnimationThread" daemon [_thread_blocked, id=9760, stack(0x4e880000,0x4e8d0000)]
  0x4a27c400 JavaThread "DoorAnimationThread" daemon [_thread_blocked, id=7468, stack(0x4eb50000,0x4eba0000)]
  0x4a27bc00 JavaThread "DoorAnimationThread" daemon [_thread_blocked, id=7552, stack(0x4ece0000,0x4ed30000)]
  0x4a27b800 JavaThread "DoorAnimationThread" daemon [_thread_blocked, id=704, stack(0x4ee40000,0x4ee90000)]
  0x4a27b000 JavaThread "DoorAnimationThread" daemon [_thread_blocked, id=10372, stack(0x4ed30000,0x4ed80000)]
  0x4a27ac00 JavaThread "DoorAnimationThread" daemon [_thread_blocked, id=9420, stack(0x4ec80000,0x4ecd0000)]
  0x4a27a400 JavaThread "DoorAnimationThread" daemon [_thread_blocked, id=1980, stack(0x4ebc0000,0x4ec10000)]
  0x4a279c00 JavaThread "DoorAnimationThread" daemon [_thread_blocked, id=8380, stack(0x4ec20000,0x4ec70000)]
  0x4a279800 JavaThread "DoorAnimationThread" daemon [_thread_blocked, id=9888, stack(0x4e9b0000,0x4ea00000)]
  0x4a26dc00 JavaThread "DoorAnimationThread" daemon [_thread_blocked, id=10464, stack(0x4eb00000,0x4eb50000)]
  0x4a26d400 JavaThread "DoorAnimationThread" daemon [_thread_blocked, id=8900, stack(0x4e270000,0x4e2c0000)]
  0x4a26d000 JavaThread "DoorAnimationThread" daemon [_thread_blocked, id=7500, stack(0x4e720000,0x4e770000)]
  0x4a26c800 JavaThread "DoorAnimationThread" daemon [_thread_blocked, id=8716, stack(0x4eaa0000,0x4eaf0000)]
  0x4a26c000 JavaThread "DoorAnimationThread" daemon [_thread_blocked, id=8956, stack(0x4ea40000,0x4ea90000)]
  0x4a26bc00 JavaThread "DoorAnimationThread" daemon [_thread_blocked, id=8460, stack(0x4e8f0000,0x4e940000)]
  0x4a26b400 JavaThread "DoorAnimationThread" daemon [_thread_blocked, id=4444, stack(0x4e7e0000,0x4e830000)]
  0x4a26b000 JavaThread "DoorAnimationThread" daemon [_thread_blocked, id=3840, stack(0x4e780000,0x4e7d0000)]
  0x4a26a800 JavaThread "DoorAnimationThread" daemon [_thread_blocked, id=4204, stack(0x4e940000,0x4e990000)]
  0x4a26a400 JavaThread "DoorAnimationThread" daemon [_thread_blocked, id=8744, stack(0x4e320000,0x4e370000)]
  0x4a311800 JavaThread "DoorAnimationThread" daemon [_thread_blocked, id=7060, stack(0x4e830000,0x4e880000)]
  0x4a311400 JavaThread "DoorAnimationThread" daemon [_thread_blocked, id=10456, stack(0x4e640000,0x4e690000)]
  0x4a310c00 JavaThread "DoorAnimationThread" daemon [_thread_blocked, id=8632, stack(0x4e3c0000,0x4e410000)]
  0x4a310400 JavaThread "DoorAnimationThread" daemon [_thread_blocked, id=8240, stack(0x4e580000,0x4e5d0000)]
  0x4a310000 JavaThread "DoorAnimationThread" daemon [_thread_blocked, id=7620, stack(0x4e370000,0x4e3c0000)]
  0x4a30f800 JavaThread "DoorAnimationThread" daemon [_thread_blocked, id=7268, stack(0x4e6d0000,0x4e720000)]
  0x4a30f400 JavaThread "DoorAnimationThread" daemon [_thread_blocked, id=6220, stack(0x4e5e0000,0x4e630000)]
  0x4a30ec00 JavaThread "DoorAnimationThread" daemon [_thread_blocked, id=7640, stack(0x4e4a0000,0x4e4f0000)]
  0x4a30e800 JavaThread "DoorAnimationThread" daemon [_thread_blocked, id=7132, stack(0x4e510000,0x4e560000)]
  0x4a30e000 JavaThread "DoorAnimationThread" daemon [_thread_blocked, id=8572, stack(0x4e420000,0x4e470000)]
  0x4a305000 JavaThread "DoorAnimationThread" daemon [_thread_blocked, id=3312, stack(0x4e190000,0x4e1e0000)]
  0x4a304c00 JavaThread "DoorAnimationThread" daemon [_thread_blocked, id=6532, stack(0x4e080000,0x4e0d0000)]
  0x4a304400 JavaThread "DoorAnimationThread" daemon [_thread_blocked, id=10024, stack(0x4ddc0000,0x4de10000)]
  0x4a303c00 JavaThread "DoorAnimationThread" daemon [_thread_blocked, id=6100, stack(0x4e2c0000,0x4e310000)]
  0x4a303800 JavaThread "DoorAnimationThread" daemon [_thread_blocked, id=6160, stack(0x4e210000,0x4e260000)]
  0x4a303000 JavaThread "DoorAnimationThread" daemon [_thread_blocked, id=5812, stack(0x4e130000,0x4e180000)]
  0x4a302c00 JavaThread "DoorAnimationThread" daemon [_thread_blocked, id=7220, stack(0x4dc80000,0x4dcd0000)]
  0x4a302400 JavaThread "DoorAnimationThread" daemon [_thread_blocked, id=7812, stack(0x4d3c0000,0x4d410000)]
  0x4a302000 JavaThread "DoorAnimationThread" daemon [_thread_blocked, id=9920, stack(0x4e0e0000,0x4e130000)]
  0x4a301800 JavaThread "DoorAnimationThread" daemon [_thread_blocked, id=7056, stack(0x4de40000,0x4de90000)]
  0x4a2f2400 JavaThread "DoorAnimationThread" daemon [_thread_blocked, id=6536, stack(0x4c160000,0x4c1b0000)]
  0x4a2f1c00 JavaThread "DoorAnimationThread" daemon [_thread_blocked, id=5408, stack(0x4db00000,0x4db50000)]
  0x4a2f1800 JavaThread "DoorAnimationThread" daemon [_thread_blocked, id=6908, stack(0x4dfe0000,0x4e030000)]
  0x4a2f1000 JavaThread "DoorAnimationThread" daemon [_thread_blocked, id=4960, stack(0x4e030000,0x4e080000)]
  0x4a2f0c00 JavaThread "DoorAnimationThread" daemon [_thread_blocked, id=9424, stack(0x4df10000,0x4df60000)]
  0x4a2f0400 JavaThread "DoorAnimationThread" daemon [_thread_blocked, id=7224, stack(0x4df60000,0x4dfb0000)]
  0x4a2f0000 JavaThread "DoorAnimationThread" daemon [_thread_blocked, id=4992, stack(0x4dec0000,0x4df10000)]
  0x4a2ef800 JavaThread "DoorAnimationThread" daemon [_thread_blocked, id=8056, stack(0x4dd10000,0x4dd60000)]
  0x4a2ef000 JavaThread "DoorAnimationThread" daemon [_thread_blocked, id=10428, stack(0x4d730000,0x4d780000)]
  0x4a2eec00 JavaThread "DoorAnimationThread" daemon [_thread_blocked, id=10424, stack(0x4db50000,0x4dba0000)]
  0x4a2d2000 JavaThread "DoorAnimationThread" daemon [_thread_blocked, id=8104, stack(0x4da50000,0x4daa0000)]
  0x4a2d1c00 JavaThread "DoorAnimationThread" daemon [_thread_blocked, id=7584, stack(0x4dd70000,0x4ddc0000)]
  0x4a2d1400 JavaThread "DoorAnimationThread" daemon [_thread_blocked, id=5404, stack(0x4daa0000,0x4daf0000)]
  0x4a2d0c00 JavaThread "DoorAnimationThread" daemon [_thread_blocked, id=6116, stack(0x4dc30000,0x4dc80000)]
  0x4a2d0800 JavaThread "DoorAnimationThread" daemon [_thread_blocked, id=5204, stack(0x4d5d0000,0x4d620000)]
  0x4a2d0000 JavaThread "DoorAnimationThread" daemon [_thread_blocked, id=7348, stack(0x4dba0000,0x4dbf0000)]
  0x4a2cfc00 JavaThread "DoorAnimationThread" daemon [_thread_blocked, id=8968, stack(0x4d900000,0x4d950000)]
  0x4a2cf400 JavaThread "DoorAnimationThread" daemon [_thread_blocked, id=8600, stack(0x4d9d0000,0x4da20000)]
  0x4a2cf000 JavaThread "DoorAnimationThread" daemon [_thread_blocked, id=6180, stack(0x4d960000,0x4d9b0000)]
  0x4a2ce800 JavaThread "DoorAnimationThread" daemon [_thread_blocked, id=5892, stack(0x4d690000,0x4d6e0000)]
  0x49c76800 JavaThread "DoorAnimationThread" daemon [_thread_blocked, id=6552, stack(0x4d790000,0x4d7e0000)]
  0x49c76400 JavaThread "DoorAnimationThread" daemon [_thread_blocked, id=7148, stack(0x4d8a0000,0x4d8f0000)]
  0x49c75c00 JavaThread "DoorAnimationThread" daemon [_thread_blocked, id=8204, stack(0x4d810000,0x4d860000)]
  0x49c75800 JavaThread "DoorAnimationThread" daemon [_thread_blocked, id=6760, stack(0x4c760000,0x4c7b0000)]
  0x49c75000 JavaThread "DoorAnimationThread" daemon [_thread_blocked, id=7592, stack(0x4d6e0000,0x4d730000)]
  0x49c74800 JavaThread "DoorAnimationThread" daemon [_thread_blocked, id=4160, stack(0x4d4a0000,0x4d4f0000)]
  0x49c74400 JavaThread "DoorAnimationThread" daemon [_thread_blocked, id=6260, stack(0x4d580000,0x4d5d0000)]
  0x49c73c00 JavaThread "DoorAnimationThread" daemon [_thread_blocked, id=9456, stack(0x4d620000,0x4d670000)]
  0x49c73800 JavaThread "DoorAnimationThread" daemon [_thread_blocked, id=7636, stack(0x4d520000,0x4d570000)]
  0x49c73000 JavaThread "DoorAnimationThread" daemon [_thread_blocked, id=7460, stack(0x4c390000,0x4c3e0000)]
  0x49c72c00 JavaThread "DoorAnimationThread" daemon [_thread_blocked, id=2576, stack(0x4d410000,0x4d460000)]
  0x49c72400 JavaThread "DoorAnimationThread" daemon [_thread_blocked, id=7296, stack(0x49e40000,0x49e90000)]
  0x49c71c00 JavaThread "DoorAnimationThread" daemon [_thread_blocked, id=10416, stack(0x4ca00000,0x4ca50000)]
  0x49c71800 JavaThread "DoorAnimationThread" daemon [_thread_blocked, id=2248, stack(0x4ca70000,0x4cac0000)]
  0x49c71000 JavaThread "DoorAnimationThread" daemon [_thread_blocked, id=5712, stack(0x4c030000,0x4c080000)]
  0x49c70c00 JavaThread "DoorAnimationThread" daemon [_thread_blocked, id=7528, stack(0x4c980000,0x4c9d0000)]
  0x49c70400 JavaThread "DoorAnimationThread" daemon [_thread_blocked, id=3940, stack(0x4c7e0000,0x4c830000)]
  0x49c70000 JavaThread "DoorAnimationThread" daemon [_thread_blocked, id=8592, stack(0x4c710000,0x4c760000)]
  0x49c6f800 JavaThread "DoorAnimationThread" daemon [_thread_blocked, id=4468, stack(0x4c6a0000,0x4c6f0000)]
  0x49c6f000 JavaThread "DoorAnimationThread" daemon [_thread_blocked, id=10360, stack(0x4c540000,0x4c590000)]
  0x4a21bc00 JavaThread "DoorAnimationThread" daemon [_thread_blocked, id=6548, stack(0x4c400000,0x4c450000)]
  0x4a21b400 JavaThread "DoorAnimationThread" daemon [_thread_blocked, id=10504, stack(0x4c4d0000,0x4c520000)]
  0x4a21e400 JavaThread "DoorAnimationThread" daemon [_thread_blocked, id=9040, stack(0x4c450000,0x4c4a0000)]
  0x4a21dc00 JavaThread "DoorAnimationThread" daemon [_thread_blocked, id=5328, stack(0x4c080000,0x4c0d0000)]
  0x4a21d400 JavaThread "DoorAnimationThread" daemon [_thread_blocked, id=5356, stack(0x4c290000,0x4c2e0000)]
  0x4a25e800 JavaThread "DoorAnimationThread" daemon [_thread_blocked, id=4124, stack(0x4c2f0000,0x4c340000)]
  0x4a25e400 JavaThread "DoorAnimationThread" daemon [_thread_blocked, id=10468, stack(0x4bf50000,0x4bfa0000)]
  0x4a25dc00 JavaThread "DoorAnimationThread" daemon [_thread_blocked, id=7580, stack(0x4c1b0000,0x4c200000)]
  0x49bc6c00 JavaThread "DoorAnimationThread" daemon [_thread_blocked, id=9264, stack(0x4c110000,0x4c160000)]
  0x4a144800 JavaThread "AWT-Windows" daemon [_thread_in_native, id=1392, stack(0x4c200000,0x4c250000)]
  0x4a155c00 JavaThread "Java2D Disposer" daemon [_thread_blocked, id=3288, stack(0x4bfe0000,0x4c030000)]
  0x49ba1000 JavaThread "Service Thread" daemon [_thread_blocked, id=1432, stack(0x4a000000,0x4a050000)]
  0x49b9d400 JavaThread "C1 CompilerThread0" daemon [_thread_blocked, id=6828, stack(0x49f10000,0x49f60000)]
  0x49b8e800 JavaThread "Attach Listener" daemon [_thread_blocked, id=4804, stack(0x49d80000,0x49dd0000)]
  0x49b8d400 JavaThread "Signal Dispatcher" daemon [_thread_blocked, id=10772, stack(0x00540000,0x00590000)]
  0x49b3a000 JavaThread "Finalizer" daemon [_thread_blocked, id=3604, stack(0x01340000,0x01390000)]
  0x49b34800 JavaThread "Reference Handler" daemon [_thread_blocked, id=4072, stack(0x01390000,0x013e0000)]
  0x013fa800 JavaThread "main" [_thread_blocked, id=3452, stack(0x012f0000,0x01340000)]

Other Threads:
=>0x49b2e400 VMThread [stack: 0x002d0000,0x00320000] [id=8168]
  0x49bb7400 WatcherThread [stack: 0x49ea0000,0x49ef0000] [id=4888]

VM state:at safepoint (normal execution)

VM Mutex/Monitor currently owned by a thread:  ([mutex/lock_event])
[0x013f8138] Threads_lock - owner thread: 0x49b2e400
[0x013f8548] Heap_lock - owner thread: 0x4a27d000

Heap
 def new generation   total 314560K, used 313959K [0x03990000, 0x18ee0000, 0x18ee0000)
  eden space 279616K, 100% used [0x03990000, 0x14aa0000, 0x14aa0000)
  from space 34944K,  98% used [0x14aa0000, 0x16c29ed0, 0x16cc0000)
  to   space 34944K,   0% used [0x16cc0000, 0x16cc0000, 0x18ee0000)
 tenured generation   total 699072K, used 699072K [0x18ee0000, 0x43990000, 0x43990000)
   the space 699072K, 100% used [0x18ee0000, 0x43990000, 0x43990000, 0x43990000)
 compacting perm gen  total 12288K, used 9002K [0x43990000, 0x44590000, 0x47990000)
   the space 12288K,  73% used [0x43990000, 0x4425ab10, 0x4425ac00, 0x44590000)
No shared spaces configured.

Code Cache  [0x01990000, 0x01f60000, 0x03990000)
 total_blobs=1421 nmethods=1113 adapters=243 free_code_cache=26835Kb largest_free_block=27466624

Dynamic libraries:
0x00180000 - 0x001af000 	E:\Java\jdk1.7.0_03\bin\javaw.exe
0x77750000 - 0x7788c000 	C:\Windows\SYSTEM32\ntdll.dll
0x761e0000 - 0x762b4000 	C:\Windows\system32\kernel32.dll
0x75ae0000 - 0x75b2b000 	C:\Windows\system32\KERNELBASE.dll
0x77210000 - 0x772b0000 	C:\Windows\system32\ADVAPI32.dll
0x76fc0000 - 0x7706c000 	C:\Windows\system32\msvcrt.dll
0x75c30000 - 0x75c49000 	C:\Windows\SYSTEM32\sechost.dll
0x77300000 - 0x773a1000 	C:\Windows\system32\RPCRT4.dll
0x770b0000 - 0x77179000 	C:\Windows\system32\USER32.dll
0x75be0000 - 0x75c2e000 	C:\Windows\system32\GDI32.dll
0x77890000 - 0x7789a000 	C:\Windows\system32\LPK.dll
0x76f20000 - 0x76fbd000 	C:\Windows\system32\USP10.dll
0x74200000 - 0x7439e000 	C:\Windows\WinSxS\x86_microsoft.windows.common-controls_6595b64144ccf1df_6.0.7601.17514_none_41e6975e2bd6f2b2\COMCTL32.dll
0x771a0000 - 0x771f7000 	C:\Windows\system32\SHLWAPI.dll
0x77180000 - 0x7719f000 	C:\Windows\system32\IMM32.DLL
0x75e20000 - 0x75eec000 	C:\Windows\system32\MSCTF.dll
0x644c0000 - 0x6457e000 	E:\Java\jdk1.7.0_03\jre\bin\msvcr100.dll
0x61200000 - 0x61528000 	E:\Java\jdk1.7.0_03\jre\bin\client\jvm.dll
0x6e050000 - 0x6e057000 	C:\Windows\system32\WSOCK32.dll
0x77070000 - 0x770a5000 	C:\Windows\system32\WS2_32.dll
0x762c0000 - 0x762c6000 	C:\Windows\system32\NSI.dll
0x737c0000 - 0x737f2000 	C:\Windows\system32\WINMM.dll
0x75c50000 - 0x75c55000 	C:\Windows\system32\PSAPI.DLL
0x73b20000 - 0x73b2c000 	E:\Java\jdk1.7.0_03\jre\bin\verify.dll
0x714f0000 - 0x71510000 	E:\Java\jdk1.7.0_03\jre\bin\java.dll
0x714d0000 - 0x714e3000 	E:\Java\jdk1.7.0_03\jre\bin\zip.dll
0x00280000 - 0x0028e000 	E:\Java\workspace\external_jars\external jars\java3d\bin\j3dcore-ogl-chk.dll
0x63e40000 - 0x63f08000 	C:\Windows\system32\OPENGL32.dll
0x6e810000 - 0x6e832000 	C:\Windows\system32\GLU32.dll
0x63cb0000 - 0x63d97000 	C:\Windows\system32\DDRAW.dll
0x73b10000 - 0x73b16000 	C:\Windows\system32\DCIMAN32.dll
0x76040000 - 0x761dd000 	C:\Windows\system32\SETUPAPI.dll
0x75ab0000 - 0x75ad7000 	C:\Windows\system32\CFGMGR32.dll
0x773b0000 - 0x7743f000 	C:\Windows\system32\OLEAUT32.dll
0x77560000 - 0x776bc000 	C:\Windows\system32\ole32.dll
0x75b30000 - 0x75b42000 	C:\Windows\system32\DEVOBJ.dll
0x73ec0000 - 0x73ed3000 	C:\Windows\system32\dwmapi.dll
0x00290000 - 0x00298000 	C:\Program Files\Logitech\SetPoint\IMHook.dll
0x6f1f0000 - 0x6f28b000 	C:\Windows\WinSxS\x86_microsoft.vc80.crt_1fc8b3b9a1e18e3b_8.0.50727.6195_none_d09154e044272b9a\MSVCR80.dll
0x74d80000 - 0x74da1000 	C:\Windows\system32\ntmarta.dll
0x772b0000 - 0x772f5000 	C:\Windows\system32\WLDAP32.dll
0x002c0000 - 0x002ce000 	C:\Program Files\Logitech\SetPoint\lgscroll.dll
0x5fe50000 - 0x611f7000 	C:\Windows\system32\nvoglv32.DLL
0x762d0000 - 0x76f1a000 	C:\Windows\system32\SHELL32.dll
0x74e80000 - 0x74e89000 	C:\Windows\system32\VERSION.dll
0x62920000 - 0x62a62000 	E:\Java\jdk1.7.0_03\jre\bin\awt.dll
0x75860000 - 0x7586c000 	C:\Windows\system32\CRYPTBASE.dll
0x734f0000 - 0x734f6000 	E:\Java\jdk1.7.0_03\jre\bin\jawt.dll
0x49d50000 - 0x49d79000 	E:\Java\workspace\external_jars\external jars\java3d\bin\j3dcore-ogl.dll
0x4ee90000 - 0x4efbb000 	C:\Program Files\jprofiler7\bin\windows\jprofilerti.dll
0x75340000 - 0x7537c000 	C:\Windows\system32\mswsock.dll
0x74d70000 - 0x74d75000 	C:\Windows\System32\wshtcpip.dll
0x70bb0000 - 0x70bba000 	E:\Java\jdk1.7.0_03\jre\bin\management.dll
0x6ce90000 - 0x6cea4000 	E:\Java\jdk1.7.0_03\jre\bin\net.dll
0x75330000 - 0x75336000 	C:\Windows\System32\wship6.dll
0x70ba0000 - 0x70baf000 	E:\Java\jdk1.7.0_03\jre\bin\nio.dll

VM Arguments:
jvm_args: -Xmx1024m -Xms512m -Djava.library.path=E:\Java\workspace\external_jars\external jars\java3d\bin -Dfile.encoding=Cp1252 
java_command: esmj3dtes4.Tes4esmanalyzer
Launcher Type: SUN_STANDARD

Environment Variables:
JAVA_HOME=E:\Java\jdk1.7.0_03
PATH=C:/Program Files/Java/jre7/bin/client;C:/Program Files/Java/jre7/bin;C:/Program Files/Java/jre7/lib/i386;C:\Program Files\NVIDIA Corporation\PhysX\Common;C:\Program Files\Common Files\Microsoft Shared\Windows Live;C:\Windows\system32;C:\Windows;C:\Windows\System32\Wbem;C:\Windows\System32\WindowsPowerShell\v1.0\;C:\Program Files\Common Files\Autodesk Shared\;C:\Program Files\Windows Live\Shared;C:\Program Files\Smart Projects\IsoBuster;C:\Program Files\Common Files\Adobe\AGL;C:\Program Files\NVIDIA Corporation\Cg\bin;C:\Program Files\eclipse;
USERNAME=philip
OS=Windows_NT
PROCESSOR_IDENTIFIER=x86 Family 16 Model 10 Stepping 0, AuthenticAMD



---------------  S Y S T E M  ---------------

OS: Windows 7 Build 7601 Service Pack 1

CPU:total 6 (6 cores per cpu, 1 threads per core) family 16 model 10 stepping 0, cmov, cx8, fxsr, mmx, sse, sse2, sse3, popcnt, mmxext, 3dnowpref, lzcnt, sse4a

Memory: 4k page, physical 3405048k(28832k free), swap 6808344k(3000676k free)

vm_info: Java HotSpot(TM) Client VM (22.1-b02) for windows-x86 JRE (1.7.0_03-b05), built on Feb  3 2012 20:43:37 by "java_re" with unknown MS VC++:1600

time: Sun May 26 01:04:28 2013
elapsed time: 176 seconds

